<?xml version="1.0" encoding="UTF-8" ?>
<testsuite tests="7" failures="0" name="com.amazonaws.lambda.vis360.LambdaFunctionHandlerTest" time="2.695" errors="0" skipped="7">
  <properties>
    <property name="java.runtime.name" value="Java(TM) SE Runtime Environment"/>
    <property name="sun.boot.library.path" value="/opt/jdk1.8.0_152/jre/lib/amd64"/>
    <property name="java.vm.version" value="25.152-b16"/>
    <property name="java.vm.vendor" value="Oracle Corporation"/>
    <property name="maven.multiModuleProjectDirectory" value="/home/kundan/Documents/Vis360/Konfer/s3-to-es-java"/>
    <property name="java.vendor.url" value="http://java.oracle.com/"/>
    <property name="path.separator" value=":"/>
    <property name="guice.disable.misplaced.annotation.check" value="true"/>
    <property name="java.vm.name" value="Java HotSpot(TM) 64-Bit Server VM"/>
    <property name="file.encoding.pkg" value="sun.io"/>
    <property name="user.country" value="IN"/>
    <property name="sun.java.launcher" value="SUN_STANDARD"/>
    <property name="sun.os.patch.level" value="unknown"/>
    <property name="java.vm.specification.name" value="Java Virtual Machine Specification"/>
    <property name="user.dir" value="/home/kundan/Documents/Vis360/Konfer/s3-to-es-java"/>
    <property name="java.runtime.version" value="1.8.0_152-b16"/>
    <property name="java.awt.graphicsenv" value="sun.awt.X11GraphicsEnvironment"/>
    <property name="java.endorsed.dirs" value="/opt/jdk1.8.0_152/jre/lib/endorsed"/>
    <property name="os.arch" value="amd64"/>
    <property name="java.io.tmpdir" value="/tmp"/>
    <property name="line.separator" value="
"/>
    <property name="java.vm.specification.vendor" value="Oracle Corporation"/>
    <property name="os.name" value="Linux"/>
    <property name="classworlds.conf" value="/home/kundan/Documents/KonferNew/.metadata/.plugins/org.eclipse.m2e.launching/launches/m2conf1550810609628023708.tmp"/>
    <property name="sun.jnu.encoding" value="UTF-8"/>
    <property name="java.library.path" value="/usr/java/packages/lib/amd64:/usr/lib64:/lib64:/lib:/usr/lib"/>
    <property name="java.specification.name" value="Java Platform API Specification"/>
    <property name="java.class.version" value="52.0"/>
    <property name="sun.management.compiler" value="HotSpot 64-Bit Tiered Compilers"/>
    <property name="os.version" value="4.4.0-140-generic"/>
    <property name="user.home" value="/home/kundan"/>
    <property name="user.timezone" value="Asia/Kolkata"/>
    <property name="java.awt.printerjob" value="sun.print.PSPrinterJob"/>
    <property name="file.encoding" value="UTF-8"/>
    <property name="java.specification.version" value="1.8"/>
    <property name="user.name" value="kundan"/>
    <property name="java.class.path" value="/home/kundan/software/sts-bundle/sts-3.9.1.RELEASE/plugins/org.eclipse.m2e.maven.runtime_1.8.2.20171007-0216/jars/plexus-classworlds-2.5.2.jar"/>
    <property name="java.vm.specification.version" value="1.8"/>
    <property name="sun.arch.data.model" value="64"/>
    <property name="java.home" value="/opt/jdk1.8.0_152/jre"/>
    <property name="sun.java.command" value="org.codehaus.plexus.classworlds.launcher.Launcher -B clean package"/>
    <property name="java.specification.vendor" value="Oracle Corporation"/>
    <property name="user.language" value="en"/>
    <property name="awt.toolkit" value="sun.awt.X11.XToolkit"/>
    <property name="java.vm.info" value="mixed mode"/>
    <property name="java.version" value="1.8.0_152"/>
    <property name="java.ext.dirs" value="/opt/jdk1.8.0_152/jre/lib/ext:/usr/java/packages/lib/ext"/>
    <property name="securerandom.source" value="file:/dev/./urandom"/>
    <property name="sun.boot.class.path" value="/opt/jdk1.8.0_152/jre/lib/resources.jar:/opt/jdk1.8.0_152/jre/lib/rt.jar:/opt/jdk1.8.0_152/jre/lib/sunrsasign.jar:/opt/jdk1.8.0_152/jre/lib/jsse.jar:/opt/jdk1.8.0_152/jre/lib/jce.jar:/opt/jdk1.8.0_152/jre/lib/charsets.jar:/opt/jdk1.8.0_152/jre/lib/jfr.jar:/opt/jdk1.8.0_152/jre/classes"/>
    <property name="java.vendor" value="Oracle Corporation"/>
    <property name="maven.home" value="/home/kundan/Documents/Vis360/Konfer/s3-to-es-java/EMBEDDED"/>
    <property name="file.separator" value="/"/>
    <property name="java.vendor.url.bug" value="http://bugreport.sun.com/bugreport/"/>
    <property name="sun.cpu.endian" value="little"/>
    <property name="sun.io.unicode.encoding" value="UnicodeLittle"/>
    <property name="sun.desktop" value="gnome"/>
    <property name="sun.cpu.isalist" value=""/>
  </properties>
  <testcase classname="com.amazonaws.lambda.vis360.LambdaFunctionHandlerTest" name="getData" time="0.385">
    <skipped/>
  </testcase>
  <testcase classname="com.amazonaws.lambda.vis360.LambdaFunctionHandlerTest" name="processNewReaperData" time="0.385">
    <skipped/>
  </testcase>
  <testcase classname="com.amazonaws.lambda.vis360.LambdaFunctionHandlerTest" name="updateWatsonPublication" time="0.385">
    <skipped/>
  </testcase>
  <testcase classname="com.amazonaws.lambda.vis360.LambdaFunctionHandlerTest" name="analyseData" time="0.385">
    <skipped/>
  </testcase>
  <testcase classname="com.amazonaws.lambda.vis360.LambdaFunctionHandlerTest" name="readJsonFile" time="0.385">
    <skipped/>
  </testcase>
  <testcase classname="com.amazonaws.lambda.vis360.LambdaFunctionHandlerTest" name="testLambdaFunctionHandler" time="0.385">
    <skipped/>
  </testcase>
  <testcase classname="com.amazonaws.lambda.vis360.LambdaFunctionHandlerTest" name="updatePublication" time="0.385">
    <skipped/>
  </testcase>
</testsuite>